2018-11-27 14:39:42.194 [main] INFO  com.alen.football.FootballApplication - Starting FootballApplication on Apple.local with PID 8715 (/Users/liulun/Project/football/target/classes started by liulun in /Users/liulun/Project/football)
2018-11-27 14:39:42.197 [main] INFO  com.alen.football.FootballApplication - The following profiles are active: dev
2018-11-27 14:39:42.860 [main] INFO  o.s.d.r.config.RepositoryConfigurationDelegate - Multiple Spring Data modules found, entering strict repository configuration mode!
2018-11-27 14:39:42.860 [main] INFO  o.s.d.r.config.RepositoryConfigurationDelegate - Bootstrapping Spring Data repositories in DEFAULT mode.
2018-11-27 14:39:42.941 [main] INFO  o.s.d.r.config.RepositoryConfigurationDelegate - Finished Spring Data repository scanning in 74ms. Found 3 repository interfaces.
2018-11-27 14:39:42.951 [main] INFO  o.s.d.r.config.RepositoryConfigurationDelegate - Multiple Spring Data modules found, entering strict repository configuration mode!
2018-11-27 14:39:42.951 [main] INFO  o.s.d.r.config.RepositoryConfigurationDelegate - Bootstrapping Spring Data repositories in DEFAULT mode.
2018-11-27 14:39:42.963 [main] INFO  o.s.d.r.c.RepositoryConfigurationExtensionSupport - Spring Data Redis - Could not safely identify store assignment for repository candidate interface com.alen.football.interceptor.log.LogInfoJPA.
2018-11-27 14:39:42.963 [main] INFO  o.s.d.r.c.RepositoryConfigurationExtensionSupport - Spring Data Redis - Could not safely identify store assignment for repository candidate interface com.alen.football.modules.config.jpa.AppConfigJPA.
2018-11-27 14:39:42.963 [main] INFO  o.s.d.r.c.RepositoryConfigurationExtensionSupport - Spring Data Redis - Could not safely identify store assignment for repository candidate interface com.alen.football.modules.user.jpa.UserJPA.
2018-11-27 14:39:42.963 [main] INFO  o.s.d.r.config.RepositoryConfigurationDelegate - Finished Spring Data repository scanning in 6ms. Found 0 repository interfaces.
2018-11-27 14:39:43.289 [main] INFO  o.s.c.s.PostProcessorRegistrationDelegate$BeanPostProcessorChecker - Bean 'org.springframework.transaction.annotation.ProxyTransactionManagementConfiguration' of type [org.springframework.transaction.annotation.ProxyTransactionManagementConfiguration$$EnhancerBySpringCGLIB$$26cc744a] is not eligible for getting processed by all BeanPostProcessors (for example: not eligible for auto-proxying)
2018-11-27 14:39:43.383 [main] INFO  o.s.c.s.PostProcessorRegistrationDelegate$BeanPostProcessorChecker - Bean 'org.springframework.hateoas.config.HateoasConfiguration' of type [org.springframework.hateoas.config.HateoasConfiguration$$EnhancerBySpringCGLIB$$a64cc17c] is not eligible for getting processed by all BeanPostProcessors (for example: not eligible for auto-proxying)
2018-11-27 14:39:43.768 [main] INFO  o.s.boot.web.embedded.tomcat.TomcatWebServer - Tomcat initialized with port(s): 8080 (http)
2018-11-27 14:39:43.778 [main] INFO  org.apache.coyote.http11.Http11NioProtocol - Initializing ProtocolHandler ["http-nio-8080"]
2018-11-27 14:39:43.782 [main] INFO  org.apache.catalina.core.StandardService - Starting service [Tomcat]
2018-11-27 14:39:43.782 [main] INFO  org.apache.catalina.core.StandardEngine - Starting Servlet Engine: Apache Tomcat/9.0.12
2018-11-27 14:39:43.788 [main] INFO  org.apache.catalina.core.AprLifecycleListener - The APR based Apache Tomcat Native library which allows optimal performance in production environments was not found on the java.library.path: [/Users/liulun/Library/Java/Extensions:/Library/Java/Extensions:/Network/Library/Java/Extensions:/System/Library/Java/Extensions:/usr/lib/java:.]
2018-11-27 14:39:43.953 [main] INFO  org.apache.jasper.servlet.TldScanner - At least one JAR was scanned for TLDs yet contained no TLDs. Enable debug logging for this logger for a complete list of JARs that were scanned but no TLDs were found in them. Skipping unneeded JARs during scanning can improve startup time and JSP compilation time.
2018-11-27 14:39:43.955 [main] INFO  o.a.c.core.ContainerBase.[Tomcat].[localhost].[/] - Initializing Spring embedded WebApplicationContext
2018-11-27 14:39:43.956 [main] INFO  org.springframework.web.context.ContextLoader - Root WebApplicationContext: initialization completed in 1728 ms
2018-11-27 14:39:43.996 [main] INFO  o.s.boot.web.servlet.ServletRegistrationBean - Servlet statViewServlet mapped to [/druid/*]
2018-11-27 14:39:43.997 [main] INFO  o.s.boot.web.servlet.ServletRegistrationBean - Servlet dispatcherServlet mapped to [/]
2018-11-27 14:39:44.000 [main] INFO  o.s.boot.web.servlet.FilterRegistrationBean - Mapping filter: 'characterEncodingFilter' to: [/*]
2018-11-27 14:39:44.001 [main] INFO  o.s.boot.web.servlet.FilterRegistrationBean - Mapping filter: 'webStatFilter' to urls: [/*]
2018-11-27 14:39:44.188 [main] INFO  com.alibaba.druid.pool.DruidDataSource - {dataSource-1} inited
2018-11-27 14:39:44.828 [main] INFO  org.hibernate.jpa.internal.util.LogHelper - HHH000204: Processing PersistenceUnitInfo [
	name: default
	...]
2018-11-27 14:39:44.871 [main] INFO  org.hibernate.Version - HHH000412: Hibernate Core {5.3.7.Final}
2018-11-27 14:39:44.873 [main] INFO  org.hibernate.cfg.Environment - HHH000206: hibernate.properties not found
2018-11-27 14:39:44.972 [main] INFO  org.hibernate.annotations.common.Version - HCANN000001: Hibernate Commons Annotations {5.0.4.Final}
2018-11-27 14:39:45.087 [main] INFO  org.hibernate.dialect.Dialect - HHH000400: Using dialect: org.hibernate.dialect.MySQL5Dialect
2018-11-27 14:39:45.594 [main] INFO  o.s.orm.jpa.LocalContainerEntityManagerFactoryBean - Initialized JPA EntityManagerFactory for persistence unit 'default'
2018-11-27 14:39:46.589 [main] WARN  o.s.b.a.o.j.JpaBaseConfiguration$JpaWebConfiguration$JpaWebMvcConfiguration - spring.jpa.open-in-view is enabled by default. Therefore, database queries may be performed during view rendering. Explicitly configure spring.jpa.open-in-view to disable this warning
2018-11-27 14:39:46.921 [main] INFO  o.s.scheduling.concurrent.ThreadPoolTaskScheduler - Initializing ExecutorService 'taskScheduler'
2018-11-27 14:39:46.995 [main] INFO  s.d.s.web.plugins.DocumentationPluginsBootstrapper - Context refreshed
2018-11-27 14:39:47.009 [main] INFO  s.d.s.web.plugins.DocumentationPluginsBootstrapper - Found {0} custom documentation plugin(s)
2018-11-27 14:39:47.017 [main] INFO  s.d.spring.web.scanners.ApiListingReferenceScanner - Scanning for api listing references
2018-11-27 14:39:47.021 [main] INFO  s.d.s.web.ClassOrApiAnnotationResourceGrouping - Group for method testToken was app配置相关
2018-11-27 14:39:47.023 [main] INFO  s.d.spring.web.scanners.ApiListingReferenceScanner - Request mapping: testToken belongs to groups: [[ResourceGroup{groupName='app配置相关', position=0, controller=com.alen.football.modules.config.AppConfigController}]] 
2018-11-27 14:39:47.024 [main] INFO  s.d.s.web.ClassOrApiAnnotationResourceGrouping - Group for method getConfig was app配置相关
2018-11-27 14:39:47.025 [main] INFO  s.d.spring.web.scanners.ApiListingReferenceScanner - Request mapping: getConfig belongs to groups: [[ResourceGroup{groupName='app配置相关', position=0, controller=com.alen.football.modules.config.AppConfigController}]] 
2018-11-27 14:39:47.025 [main] INFO  s.d.s.web.ClassOrApiAnnotationResourceGrouping - Group for method error was basic-error-controller
2018-11-27 14:39:47.025 [main] INFO  s.d.spring.web.scanners.ApiListingReferenceScanner - Request mapping: error belongs to groups: [[ResourceGroup{groupName='basic-error-controller', position=0, controller=org.springframework.boot.autoconfigure.web.servlet.error.BasicErrorController}]] 
2018-11-27 14:39:47.025 [main] INFO  s.d.s.web.ClassOrApiAnnotationResourceGrouping - Group for method errorHtml was basic-error-controller
2018-11-27 14:39:47.025 [main] INFO  s.d.spring.web.scanners.ApiListingReferenceScanner - Request mapping: errorHtml belongs to groups: [[ResourceGroup{groupName='basic-error-controller', position=0, controller=org.springframework.boot.autoconfigure.web.servlet.error.BasicErrorController}]] 
2018-11-27 14:39:47.026 [main] INFO  s.d.s.web.ClassOrApiAnnotationResourceGrouping - Group for method login was 用户信息
2018-11-27 14:39:47.026 [main] INFO  s.d.spring.web.scanners.ApiListingReferenceScanner - Request mapping: login belongs to groups: [[ResourceGroup{groupName='用户信息', position=0, controller=com.alen.football.modules.user.UserController}]] 
2018-11-27 14:39:47.034 [main] INFO  s.d.spring.web.scanners.ApiListingReferenceScanner - Created resource listing Path: /default/用户信息 Description: 用户信息 Position: 0
2018-11-27 14:39:47.036 [main] INFO  s.d.spring.web.scanners.ApiListingReferenceScanner - Created resource listing Path: /default/basic-error-controller Description: basic-error-controller Position: 0
2018-11-27 14:39:47.036 [main] INFO  s.d.spring.web.scanners.ApiListingReferenceScanner - Created resource listing Path: /default/app配置相关 Description: app配置相关 Position: 0
2018-11-27 14:39:47.050 [main] INFO  s.documentation.schema.ModelContextKeyGenerator - Cache Key Generated: java.util.List<com.alen.football.modules.config.entity.SysConfigEntity>(true)
2018-11-27 14:39:47.050 [main] INFO  s.documentation.spring.web.caching.CachingAspect - Caching aspect applied for cache models with key java.util.List<com.alen.football.modules.config.entity.SysConfigEntity>(true)
2018-11-27 14:39:47.053 [main] INFO  s.documentation.schema.ModelContextKeyGenerator - Cache Key Generated: java.util.List<com.alen.football.modules.config.entity.SysConfigEntity>(true)
2018-11-27 14:39:47.053 [main] INFO  s.documentation.spring.web.caching.CachingAspect - Caching aspect applied for cache modelDependencies with key java.util.List<com.alen.football.modules.config.entity.SysConfigEntity>(true)
2018-11-27 14:39:47.059 [main] INFO  s.d.schema.property.ModelPropertiesKeyGenerator - Cache key generated: com.alen.football.modules.config.entity.SysConfigEntity(true)
2018-11-27 14:39:47.059 [main] INFO  s.documentation.spring.web.caching.CachingAspect - Caching aspect applied for cache modelProperties with key com.alen.football.modules.config.entity.SysConfigEntity(true)
2018-11-27 14:39:47.089 [main] INFO  s.d.schema.property.ModelPropertiesKeyGenerator - Cache key generated: java.util.List<com.alen.football.modules.config.entity.SysConfigEntity>(true)
2018-11-27 14:39:47.089 [main] INFO  s.documentation.spring.web.caching.CachingAspect - Caching aspect applied for cache modelProperties with key java.util.List<com.alen.football.modules.config.entity.SysConfigEntity>(true)
2018-11-27 14:39:47.092 [main] INFO  s.d.schema.property.ModelPropertiesKeyGenerator - Cache key generated: com.alen.football.modules.config.entity.SysConfigEntity(true)
2018-11-27 14:39:47.092 [main] INFO  s.documentation.spring.web.caching.CachingAspect - Caching aspect applied for cache modelProperties with key com.alen.football.modules.config.entity.SysConfigEntity(true)
2018-11-27 14:39:47.096 [main] INFO  s.documentation.spring.web.OperationsKeyGenerator - Cache key generated: /app/config.com.alen.football.modules.config.AppConfigController.getConfig.DefaultGenericTypeNamingStrategy
2018-11-27 14:39:47.096 [main] INFO  s.documentation.spring.web.caching.CachingAspect - Caching aspect applied for cache operations with key /app/config.com.alen.football.modules.config.AppConfigController.getConfig.DefaultGenericTypeNamingStrategy
2018-11-27 14:39:47.104 [main] INFO  s.d.s.web.ClassOrApiAnnotationResourceGrouping - Group for method getConfig was app配置相关
2018-11-27 14:39:47.113 [main] INFO  s.d.s.web.ClassOrApiAnnotationResourceGrouping - Group for method getConfig was app配置相关
2018-11-27 14:39:47.121 [main] INFO  s.documentation.schema.ModelContextKeyGenerator - Cache Key Generated: java.lang.String(true)
2018-11-27 14:39:47.121 [main] INFO  s.documentation.spring.web.caching.CachingAspect - Caching aspect applied for cache models with key java.lang.String(true)
2018-11-27 14:39:47.121 [main] INFO  s.documentation.schema.ModelContextKeyGenerator - Cache Key Generated: java.lang.String(true)
2018-11-27 14:39:47.121 [main] INFO  s.documentation.spring.web.caching.CachingAspect - Caching aspect applied for cache modelDependencies with key java.lang.String(true)
2018-11-27 14:39:47.121 [main] INFO  s.documentation.spring.web.OperationsKeyGenerator - Cache key generated: /app/config/test.com.alen.football.modules.config.AppConfigController.testToken.DefaultGenericTypeNamingStrategy
2018-11-27 14:39:47.121 [main] INFO  s.documentation.spring.web.caching.CachingAspect - Caching aspect applied for cache operations with key /app/config/test.com.alen.football.modules.config.AppConfigController.testToken.DefaultGenericTypeNamingStrategy
2018-11-27 14:39:47.122 [main] INFO  s.d.s.web.ClassOrApiAnnotationResourceGrouping - Group for method testToken was app配置相关
2018-11-27 14:39:47.123 [main] INFO  s.d.s.web.ClassOrApiAnnotationResourceGrouping - Group for method testToken was app配置相关
2018-11-27 14:39:47.130 [main] INFO  s.documentation.schema.ModelContextKeyGenerator - Cache Key Generated: java.util.Map<java.lang.String,java.lang.Object>(true)
2018-11-27 14:39:47.131 [main] INFO  s.documentation.spring.web.caching.CachingAspect - Caching aspect applied for cache models with key java.util.Map<java.lang.String,java.lang.Object>(true)
2018-11-27 14:39:47.131 [main] INFO  s.documentation.schema.ModelContextKeyGenerator - Cache Key Generated: java.util.Map<java.lang.String,java.lang.Object>(true)
2018-11-27 14:39:47.131 [main] INFO  s.documentation.spring.web.caching.CachingAspect - Caching aspect applied for cache modelDependencies with key java.util.Map<java.lang.String,java.lang.Object>(true)
2018-11-27 14:39:47.132 [main] INFO  s.documentation.spring.web.OperationsKeyGenerator - Cache key generated: /error.org.springframework.boot.autoconfigure.web.servlet.error.BasicErrorController.error.DefaultGenericTypeNamingStrategy
2018-11-27 14:39:47.133 [main] INFO  s.documentation.spring.web.caching.CachingAspect - Caching aspect applied for cache operations with key /error.org.springframework.boot.autoconfigure.web.servlet.error.BasicErrorController.error.DefaultGenericTypeNamingStrategy
2018-11-27 14:39:47.136 [main] INFO  s.d.s.web.ClassOrApiAnnotationResourceGrouping - Group for method error was basic-error-controller
2018-11-27 14:39:47.137 [main] INFO  s.d.s.web.ClassOrApiAnnotationResourceGrouping - Group for method error was basic-error-controller
2018-11-27 14:39:47.138 [main] INFO  s.d.s.web.ClassOrApiAnnotationResourceGrouping - Group for method error was basic-error-controller
2018-11-27 14:39:47.140 [main] INFO  s.d.s.web.ClassOrApiAnnotationResourceGrouping - Group for method error was basic-error-controller
2018-11-27 14:39:47.143 [main] INFO  s.d.s.web.ClassOrApiAnnotationResourceGrouping - Group for method error was basic-error-controller
2018-11-27 14:39:47.145 [main] INFO  s.d.s.web.ClassOrApiAnnotationResourceGrouping - Group for method error was basic-error-controller
2018-11-27 14:39:47.146 [main] INFO  s.d.s.web.ClassOrApiAnnotationResourceGrouping - Group for method error was basic-error-controller
2018-11-27 14:39:47.147 [main] INFO  s.d.s.web.ClassOrApiAnnotationResourceGrouping - Group for method error was basic-error-controller
2018-11-27 14:39:47.148 [main] INFO  s.d.s.web.ClassOrApiAnnotationResourceGrouping - Group for method error was basic-error-controller
2018-11-27 14:39:47.149 [main] INFO  s.d.s.web.ClassOrApiAnnotationResourceGrouping - Group for method error was basic-error-controller
2018-11-27 14:39:47.152 [main] INFO  s.d.s.web.ClassOrApiAnnotationResourceGrouping - Group for method error was basic-error-controller
2018-11-27 14:39:47.154 [main] INFO  s.d.s.web.ClassOrApiAnnotationResourceGrouping - Group for method error was basic-error-controller
2018-11-27 14:39:47.155 [main] INFO  s.d.s.web.ClassOrApiAnnotationResourceGrouping - Group for method error was basic-error-controller
2018-11-27 14:39:47.155 [main] INFO  s.d.s.web.ClassOrApiAnnotationResourceGrouping - Group for method error was basic-error-controller
2018-11-27 14:39:47.156 [main] INFO  s.d.s.web.ClassOrApiAnnotationResourceGrouping - Group for method error was basic-error-controller
2018-11-27 14:39:47.157 [main] INFO  s.d.s.web.ClassOrApiAnnotationResourceGrouping - Group for method error was basic-error-controller
2018-11-27 14:39:47.158 [main] INFO  s.documentation.schema.ModelContextKeyGenerator - Cache Key Generated: org.springframework.web.servlet.ModelAndView(true)
2018-11-27 14:39:47.158 [main] INFO  s.documentation.spring.web.caching.CachingAspect - Caching aspect applied for cache models with key org.springframework.web.servlet.ModelAndView(true)
2018-11-27 14:39:47.159 [main] INFO  s.d.schema.property.ModelPropertiesKeyGenerator - Cache key generated: org.springframework.web.servlet.ModelAndView(true)
2018-11-27 14:39:47.159 [main] INFO  s.documentation.spring.web.caching.CachingAspect - Caching aspect applied for cache modelProperties with key org.springframework.web.servlet.ModelAndView(true)
2018-11-27 14:39:47.166 [main] INFO  s.documentation.schema.ModelContextKeyGenerator - Cache Key Generated: org.springframework.web.servlet.ModelAndView(true)
2018-11-27 14:39:47.166 [main] INFO  s.documentation.spring.web.caching.CachingAspect - Caching aspect applied for cache modelDependencies with key org.springframework.web.servlet.ModelAndView(true)
2018-11-27 14:39:47.166 [main] INFO  s.d.schema.property.ModelPropertiesKeyGenerator - Cache key generated: org.springframework.web.servlet.ModelAndView(true)
2018-11-27 14:39:47.166 [main] INFO  s.documentation.spring.web.caching.CachingAspect - Caching aspect applied for cache modelProperties with key org.springframework.web.servlet.ModelAndView(true)
2018-11-27 14:39:47.167 [main] INFO  s.d.schema.property.ModelPropertiesKeyGenerator - Cache key generated: org.springframework.web.servlet.View(true)
2018-11-27 14:39:47.167 [main] INFO  s.documentation.spring.web.caching.CachingAspect - Caching aspect applied for cache modelProperties with key org.springframework.web.servlet.View(true)
2018-11-27 14:39:47.170 [main] INFO  s.d.schema.property.ModelPropertiesKeyGenerator - Cache key generated: org.springframework.web.servlet.View(true)
2018-11-27 14:39:47.170 [main] INFO  s.documentation.spring.web.caching.CachingAspect - Caching aspect applied for cache modelProperties with key org.springframework.web.servlet.View(true)
2018-11-27 14:39:47.171 [main] INFO  s.documentation.spring.web.OperationsKeyGenerator - Cache key generated: /error.org.springframework.boot.autoconfigure.web.servlet.error.BasicErrorController.errorHtml.DefaultGenericTypeNamingStrategy
2018-11-27 14:39:47.171 [main] INFO  s.documentation.spring.web.caching.CachingAspect - Caching aspect applied for cache operations with key /error.org.springframework.boot.autoconfigure.web.servlet.error.BasicErrorController.errorHtml.DefaultGenericTypeNamingStrategy
2018-11-27 14:39:47.172 [main] INFO  s.d.s.web.ClassOrApiAnnotationResourceGrouping - Group for method errorHtml was basic-error-controller
2018-11-27 14:39:47.172 [main] INFO  s.d.s.web.ClassOrApiAnnotationResourceGrouping - Group for method errorHtml was basic-error-controller
2018-11-27 14:39:47.173 [main] INFO  s.d.s.web.ClassOrApiAnnotationResourceGrouping - Group for method errorHtml was basic-error-controller
2018-11-27 14:39:47.174 [main] INFO  s.d.s.web.ClassOrApiAnnotationResourceGrouping - Group for method errorHtml was basic-error-controller
2018-11-27 14:39:47.174 [main] INFO  s.d.s.web.ClassOrApiAnnotationResourceGrouping - Group for method errorHtml was basic-error-controller
2018-11-27 14:39:47.175 [main] INFO  s.d.s.web.ClassOrApiAnnotationResourceGrouping - Group for method errorHtml was basic-error-controller
2018-11-27 14:39:47.176 [main] INFO  s.d.s.web.ClassOrApiAnnotationResourceGrouping - Group for method errorHtml was basic-error-controller
2018-11-27 14:39:47.177 [main] INFO  s.d.s.web.ClassOrApiAnnotationResourceGrouping - Group for method errorHtml was basic-error-controller
2018-11-27 14:39:47.178 [main] INFO  s.d.s.web.ClassOrApiAnnotationResourceGrouping - Group for method errorHtml was basic-error-controller
2018-11-27 14:39:47.178 [main] INFO  s.d.s.web.ClassOrApiAnnotationResourceGrouping - Group for method errorHtml was basic-error-controller
2018-11-27 14:39:47.179 [main] INFO  s.d.s.web.ClassOrApiAnnotationResourceGrouping - Group for method errorHtml was basic-error-controller
2018-11-27 14:39:47.180 [main] INFO  s.d.s.web.ClassOrApiAnnotationResourceGrouping - Group for method errorHtml was basic-error-controller
2018-11-27 14:39:47.180 [main] INFO  s.d.s.web.ClassOrApiAnnotationResourceGrouping - Group for method errorHtml was basic-error-controller
2018-11-27 14:39:47.181 [main] INFO  s.d.s.web.ClassOrApiAnnotationResourceGrouping - Group for method errorHtml was basic-error-controller
2018-11-27 14:39:47.181 [main] INFO  s.d.s.web.ClassOrApiAnnotationResourceGrouping - Group for method errorHtml was basic-error-controller
2018-11-27 14:39:47.182 [main] INFO  s.d.s.web.ClassOrApiAnnotationResourceGrouping - Group for method errorHtml was basic-error-controller
2018-11-27 14:39:47.185 [main] INFO  s.documentation.schema.ModelContextKeyGenerator - Cache Key Generated: java.lang.String(true)
2018-11-27 14:39:47.185 [main] INFO  s.documentation.spring.web.caching.CachingAspect - Caching aspect applied for cache models with key java.lang.String(true)
2018-11-27 14:39:47.186 [main] INFO  s.documentation.schema.ModelContextKeyGenerator - Cache Key Generated: java.lang.String(true)
2018-11-27 14:39:47.186 [main] INFO  s.documentation.spring.web.caching.CachingAspect - Caching aspect applied for cache modelDependencies with key java.lang.String(true)
2018-11-27 14:39:47.186 [main] INFO  s.documentation.spring.web.OperationsKeyGenerator - Cache key generated: /user/login.com.alen.football.modules.user.UserController.login.DefaultGenericTypeNamingStrategy
2018-11-27 14:39:47.186 [main] INFO  s.documentation.spring.web.caching.CachingAspect - Caching aspect applied for cache operations with key /user/login.com.alen.football.modules.user.UserController.login.DefaultGenericTypeNamingStrategy
2018-11-27 14:39:47.192 [main] INFO  s.d.s.web.ClassOrApiAnnotationResourceGrouping - Group for method login was 用户信息
2018-11-27 14:39:47.193 [main] INFO  s.d.s.web.ClassOrApiAnnotationResourceGrouping - Group for method login was 用户信息
2018-11-27 14:39:47.204 [main] INFO  org.apache.coyote.http11.Http11NioProtocol - Starting ProtocolHandler ["http-nio-8080"]
2018-11-27 14:39:47.232 [main] INFO  org.apache.tomcat.util.net.NioSelectorPool - Using a shared selector for servlet write/read
2018-11-27 14:39:47.250 [main] INFO  o.s.boot.web.embedded.tomcat.TomcatWebServer - Tomcat started on port(s): 8080 (http) with context path ''
2018-11-27 14:39:47.253 [main] INFO  com.alen.football.FootballApplication - Started FootballApplication in 25.395 seconds (JVM running for 31.037)
2018-11-27 14:39:50.803 [http-nio-8080-exec-1] INFO  o.a.c.core.ContainerBase.[Tomcat].[localhost].[/] - Initializing Spring DispatcherServlet 'dispatcherServlet'
2018-11-27 14:39:50.837 [http-nio-8080-exec-1] INFO  org.springframework.web.servlet.DispatcherServlet - Initializing Servlet 'dispatcherServlet'
2018-11-27 14:39:50.876 [http-nio-8080-exec-1] INFO  org.springframework.web.servlet.DispatcherServlet - Completed initialization in 12 ms
2018-11-27 14:39:51.163 [http-nio-8080-exec-5] WARN  org.springframework.web.servlet.PageNotFound - No mapping for GET /images/favicon-16x16.png
2018-11-27 14:39:51.163 [http-nio-8080-exec-4] WARN  org.springframework.web.servlet.PageNotFound - No mapping for GET /images/favicon-32x32.png
2018-11-27 14:40:01.728 [http-nio-8080-exec-7] INFO  o.h.hql.internal.QueryTranslatorFactoryInitiator - HHH000397: Using ASTQueryTranslatorFactory
2018-11-27 14:40:01.823 [http-nio-8080-exec-7] ERROR com.alen.football.api.GlobalExceptionHandler - logic error>>>>>>>>>>>>户不存在
2018-11-27 14:40:34.900 [Thread-53] INFO  o.s.scheduling.concurrent.ThreadPoolTaskScheduler - Shutting down ExecutorService 'taskScheduler'
2018-11-27 14:40:34.912 [Thread-53] INFO  o.s.orm.jpa.LocalContainerEntityManagerFactoryBean - Closing JPA EntityManagerFactory for persistence unit 'default'
2018-11-27 14:40:34.918 [Thread-53] INFO  com.alibaba.druid.pool.DruidDataSource - {dataSource-1} closed
2018-11-27 14:41:02.773 [main] INFO  com.alen.football.FootballApplication - Starting FootballApplication on Apple.local with PID 8731 (/Users/liulun/Project/football/target/classes started by liulun in /Users/liulun/Project/football)
2018-11-27 14:41:02.776 [main] INFO  com.alen.football.FootballApplication - The following profiles are active: dev
2018-11-27 14:41:03.439 [main] INFO  o.s.d.r.config.RepositoryConfigurationDelegate - Multiple Spring Data modules found, entering strict repository configuration mode!
2018-11-27 14:41:03.439 [main] INFO  o.s.d.r.config.RepositoryConfigurationDelegate - Bootstrapping Spring Data repositories in DEFAULT mode.
2018-11-27 14:41:03.515 [main] INFO  o.s.d.r.config.RepositoryConfigurationDelegate - Finished Spring Data repository scanning in 70ms. Found 3 repository interfaces.
2018-11-27 14:41:03.525 [main] INFO  o.s.d.r.config.RepositoryConfigurationDelegate - Multiple Spring Data modules found, entering strict repository configuration mode!
2018-11-27 14:41:03.526 [main] INFO  o.s.d.r.config.RepositoryConfigurationDelegate - Bootstrapping Spring Data repositories in DEFAULT mode.
2018-11-27 14:41:03.538 [main] INFO  o.s.d.r.c.RepositoryConfigurationExtensionSupport - Spring Data Redis - Could not safely identify store assignment for repository candidate interface com.alen.football.interceptor.log.LogInfoJPA.
2018-11-27 14:41:03.538 [main] INFO  o.s.d.r.c.RepositoryConfigurationExtensionSupport - Spring Data Redis - Could not safely identify store assignment for repository candidate interface com.alen.football.modules.config.jpa.AppConfigJPA.
2018-11-27 14:41:03.538 [main] INFO  o.s.d.r.c.RepositoryConfigurationExtensionSupport - Spring Data Redis - Could not safely identify store assignment for repository candidate interface com.alen.football.modules.user.jpa.UserJPA.
2018-11-27 14:41:03.539 [main] INFO  o.s.d.r.config.RepositoryConfigurationDelegate - Finished Spring Data repository scanning in 7ms. Found 0 repository interfaces.
2018-11-27 14:41:03.851 [main] INFO  o.s.c.s.PostProcessorRegistrationDelegate$BeanPostProcessorChecker - Bean 'org.springframework.transaction.annotation.ProxyTransactionManagementConfiguration' of type [org.springframework.transaction.annotation.ProxyTransactionManagementConfiguration$$EnhancerBySpringCGLIB$$1f342689] is not eligible for getting processed by all BeanPostProcessors (for example: not eligible for auto-proxying)
2018-11-27 14:41:03.943 [main] INFO  o.s.c.s.PostProcessorRegistrationDelegate$BeanPostProcessorChecker - Bean 'org.springframework.hateoas.config.HateoasConfiguration' of type [org.springframework.hateoas.config.HateoasConfiguration$$EnhancerBySpringCGLIB$$9eb473bb] is not eligible for getting processed by all BeanPostProcessors (for example: not eligible for auto-proxying)
2018-11-27 14:41:04.299 [main] INFO  o.s.boot.web.embedded.tomcat.TomcatWebServer - Tomcat initialized with port(s): 8080 (http)
2018-11-27 14:41:04.310 [main] INFO  org.apache.coyote.http11.Http11NioProtocol - Initializing ProtocolHandler ["http-nio-8080"]
2018-11-27 14:41:04.314 [main] INFO  org.apache.catalina.core.StandardService - Starting service [Tomcat]
2018-11-27 14:41:04.314 [main] INFO  org.apache.catalina.core.StandardEngine - Starting Servlet Engine: Apache Tomcat/9.0.12
2018-11-27 14:41:04.319 [main] INFO  org.apache.catalina.core.AprLifecycleListener - The APR based Apache Tomcat Native library which allows optimal performance in production environments was not found on the java.library.path: [/Users/liulun/Library/Java/Extensions:/Library/Java/Extensions:/Network/Library/Java/Extensions:/System/Library/Java/Extensions:/usr/lib/java:.]
2018-11-27 14:41:04.483 [main] INFO  org.apache.jasper.servlet.TldScanner - At least one JAR was scanned for TLDs yet contained no TLDs. Enable debug logging for this logger for a complete list of JARs that were scanned but no TLDs were found in them. Skipping unneeded JARs during scanning can improve startup time and JSP compilation time.
2018-11-27 14:41:04.486 [main] INFO  o.a.c.core.ContainerBase.[Tomcat].[localhost].[/] - Initializing Spring embedded WebApplicationContext
2018-11-27 14:41:04.486 [main] INFO  org.springframework.web.context.ContextLoader - Root WebApplicationContext: initialization completed in 1676 ms
2018-11-27 14:41:04.525 [main] INFO  o.s.boot.web.servlet.ServletRegistrationBean - Servlet statViewServlet mapped to [/druid/*]
2018-11-27 14:41:04.527 [main] INFO  o.s.boot.web.servlet.ServletRegistrationBean - Servlet dispatcherServlet mapped to [/]
2018-11-27 14:41:04.529 [main] INFO  o.s.boot.web.servlet.FilterRegistrationBean - Mapping filter: 'characterEncodingFilter' to: [/*]
2018-11-27 14:41:04.530 [main] INFO  o.s.boot.web.servlet.FilterRegistrationBean - Mapping filter: 'webStatFilter' to urls: [/*]
2018-11-27 14:41:04.717 [main] INFO  com.alibaba.druid.pool.DruidDataSource - {dataSource-1} inited
2018-11-27 14:41:04.918 [main] INFO  org.hibernate.jpa.internal.util.LogHelper - HHH000204: Processing PersistenceUnitInfo [
	name: default
	...]
2018-11-27 14:41:04.960 [main] INFO  org.hibernate.Version - HHH000412: Hibernate Core {5.3.7.Final}
2018-11-27 14:41:04.961 [main] INFO  org.hibernate.cfg.Environment - HHH000206: hibernate.properties not found
2018-11-27 14:41:05.059 [main] INFO  org.hibernate.annotations.common.Version - HCANN000001: Hibernate Commons Annotations {5.0.4.Final}
2018-11-27 14:41:05.162 [main] INFO  org.hibernate.dialect.Dialect - HHH000400: Using dialect: org.hibernate.dialect.MySQL5Dialect
2018-11-27 14:41:05.667 [main] INFO  o.s.orm.jpa.LocalContainerEntityManagerFactoryBean - Initialized JPA EntityManagerFactory for persistence unit 'default'
2018-11-27 14:41:06.665 [main] WARN  o.s.b.a.o.j.JpaBaseConfiguration$JpaWebConfiguration$JpaWebMvcConfiguration - spring.jpa.open-in-view is enabled by default. Therefore, database queries may be performed during view rendering. Explicitly configure spring.jpa.open-in-view to disable this warning
2018-11-27 14:41:06.938 [main] INFO  o.s.scheduling.concurrent.ThreadPoolTaskScheduler - Initializing ExecutorService 'taskScheduler'
2018-11-27 14:41:06.988 [main] INFO  s.d.s.web.plugins.DocumentationPluginsBootstrapper - Context refreshed
2018-11-27 14:41:07.000 [main] INFO  s.d.s.web.plugins.DocumentationPluginsBootstrapper - Found {0} custom documentation plugin(s)
2018-11-27 14:41:07.008 [main] INFO  s.d.spring.web.scanners.ApiListingReferenceScanner - Scanning for api listing references
2018-11-27 14:41:07.011 [main] INFO  s.d.s.web.ClassOrApiAnnotationResourceGrouping - Group for method testToken was app配置相关
2018-11-27 14:41:07.013 [main] INFO  s.d.spring.web.scanners.ApiListingReferenceScanner - Request mapping: testToken belongs to groups: [[ResourceGroup{groupName='app配置相关', position=0, controller=com.alen.football.modules.config.AppConfigController}]] 
2018-11-27 14:41:07.014 [main] INFO  s.d.s.web.ClassOrApiAnnotationResourceGrouping - Group for method getConfig was app配置相关
2018-11-27 14:41:07.014 [main] INFO  s.d.spring.web.scanners.ApiListingReferenceScanner - Request mapping: getConfig belongs to groups: [[ResourceGroup{groupName='app配置相关', position=0, controller=com.alen.football.modules.config.AppConfigController}]] 
2018-11-27 14:41:07.015 [main] INFO  s.d.s.web.ClassOrApiAnnotationResourceGrouping - Group for method error was basic-error-controller
2018-11-27 14:41:07.015 [main] INFO  s.d.spring.web.scanners.ApiListingReferenceScanner - Request mapping: error belongs to groups: [[ResourceGroup{groupName='basic-error-controller', position=0, controller=org.springframework.boot.autoconfigure.web.servlet.error.BasicErrorController}]] 
2018-11-27 14:41:07.015 [main] INFO  s.d.s.web.ClassOrApiAnnotationResourceGrouping - Group for method errorHtml was basic-error-controller
2018-11-27 14:41:07.015 [main] INFO  s.d.spring.web.scanners.ApiListingReferenceScanner - Request mapping: errorHtml belongs to groups: [[ResourceGroup{groupName='basic-error-controller', position=0, controller=org.springframework.boot.autoconfigure.web.servlet.error.BasicErrorController}]] 
2018-11-27 14:41:07.015 [main] INFO  s.d.s.web.ClassOrApiAnnotationResourceGrouping - Group for method login was 用户信息
2018-11-27 14:41:07.016 [main] INFO  s.d.spring.web.scanners.ApiListingReferenceScanner - Request mapping: login belongs to groups: [[ResourceGroup{groupName='用户信息', position=0, controller=com.alen.football.modules.user.UserController}]] 
2018-11-27 14:41:07.022 [main] INFO  s.d.spring.web.scanners.ApiListingReferenceScanner - Created resource listing Path: /default/app配置相关 Description: app配置相关 Position: 0
2018-11-27 14:41:07.024 [main] INFO  s.d.spring.web.scanners.ApiListingReferenceScanner - Created resource listing Path: /default/basic-error-controller Description: basic-error-controller Position: 0
2018-11-27 14:41:07.024 [main] INFO  s.d.spring.web.scanners.ApiListingReferenceScanner - Created resource listing Path: /default/用户信息 Description: 用户信息 Position: 0
2018-11-27 14:41:07.036 [main] INFO  s.documentation.schema.ModelContextKeyGenerator - Cache Key Generated: java.util.List<com.alen.football.modules.config.entity.SysConfigEntity>(true)
2018-11-27 14:41:07.036 [main] INFO  s.documentation.spring.web.caching.CachingAspect - Caching aspect applied for cache models with key java.util.List<com.alen.football.modules.config.entity.SysConfigEntity>(true)
2018-11-27 14:41:07.039 [main] INFO  s.documentation.schema.ModelContextKeyGenerator - Cache Key Generated: java.util.List<com.alen.football.modules.config.entity.SysConfigEntity>(true)
2018-11-27 14:41:07.039 [main] INFO  s.documentation.spring.web.caching.CachingAspect - Caching aspect applied for cache modelDependencies with key java.util.List<com.alen.football.modules.config.entity.SysConfigEntity>(true)
2018-11-27 14:41:07.044 [main] INFO  s.d.schema.property.ModelPropertiesKeyGenerator - Cache key generated: com.alen.football.modules.config.entity.SysConfigEntity(true)
2018-11-27 14:41:07.044 [main] INFO  s.documentation.spring.web.caching.CachingAspect - Caching aspect applied for cache modelProperties with key com.alen.football.modules.config.entity.SysConfigEntity(true)
2018-11-27 14:41:07.071 [main] INFO  s.d.schema.property.ModelPropertiesKeyGenerator - Cache key generated: java.util.List<com.alen.football.modules.config.entity.SysConfigEntity>(true)
2018-11-27 14:41:07.072 [main] INFO  s.documentation.spring.web.caching.CachingAspect - Caching aspect applied for cache modelProperties with key java.util.List<com.alen.football.modules.config.entity.SysConfigEntity>(true)
2018-11-27 14:41:07.074 [main] INFO  s.d.schema.property.ModelPropertiesKeyGenerator - Cache key generated: com.alen.football.modules.config.entity.SysConfigEntity(true)
2018-11-27 14:41:07.075 [main] INFO  s.documentation.spring.web.caching.CachingAspect - Caching aspect applied for cache modelProperties with key com.alen.football.modules.config.entity.SysConfigEntity(true)
2018-11-27 14:41:07.078 [main] INFO  s.documentation.spring.web.OperationsKeyGenerator - Cache key generated: /app/config.com.alen.football.modules.config.AppConfigController.getConfig.DefaultGenericTypeNamingStrategy
2018-11-27 14:41:07.078 [main] INFO  s.documentation.spring.web.caching.CachingAspect - Caching aspect applied for cache operations with key /app/config.com.alen.football.modules.config.AppConfigController.getConfig.DefaultGenericTypeNamingStrategy
2018-11-27 14:41:07.085 [main] INFO  s.d.s.web.ClassOrApiAnnotationResourceGrouping - Group for method getConfig was app配置相关
2018-11-27 14:41:07.093 [main] INFO  s.d.s.web.ClassOrApiAnnotationResourceGrouping - Group for method getConfig was app配置相关
2018-11-27 14:41:07.100 [main] INFO  s.documentation.schema.ModelContextKeyGenerator - Cache Key Generated: java.lang.String(true)
2018-11-27 14:41:07.100 [main] INFO  s.documentation.spring.web.caching.CachingAspect - Caching aspect applied for cache models with key java.lang.String(true)
2018-11-27 14:41:07.100 [main] INFO  s.documentation.schema.ModelContextKeyGenerator - Cache Key Generated: java.lang.String(true)
2018-11-27 14:41:07.100 [main] INFO  s.documentation.spring.web.caching.CachingAspect - Caching aspect applied for cache modelDependencies with key java.lang.String(true)
2018-11-27 14:41:07.100 [main] INFO  s.documentation.spring.web.OperationsKeyGenerator - Cache key generated: /app/config/test.com.alen.football.modules.config.AppConfigController.testToken.DefaultGenericTypeNamingStrategy
2018-11-27 14:41:07.100 [main] INFO  s.documentation.spring.web.caching.CachingAspect - Caching aspect applied for cache operations with key /app/config/test.com.alen.football.modules.config.AppConfigController.testToken.DefaultGenericTypeNamingStrategy
2018-11-27 14:41:07.101 [main] INFO  s.d.s.web.ClassOrApiAnnotationResourceGrouping - Group for method testToken was app配置相关
2018-11-27 14:41:07.101 [main] INFO  s.d.s.web.ClassOrApiAnnotationResourceGrouping - Group for method testToken was app配置相关
2018-11-27 14:41:07.106 [main] INFO  s.documentation.schema.ModelContextKeyGenerator - Cache Key Generated: java.util.Map<java.lang.String,java.lang.Object>(true)
2018-11-27 14:41:07.107 [main] INFO  s.documentation.spring.web.caching.CachingAspect - Caching aspect applied for cache models with key java.util.Map<java.lang.String,java.lang.Object>(true)
2018-11-27 14:41:07.107 [main] INFO  s.documentation.schema.ModelContextKeyGenerator - Cache Key Generated: java.util.Map<java.lang.String,java.lang.Object>(true)
2018-11-27 14:41:07.107 [main] INFO  s.documentation.spring.web.caching.CachingAspect - Caching aspect applied for cache modelDependencies with key java.util.Map<java.lang.String,java.lang.Object>(true)
2018-11-27 14:41:07.107 [main] INFO  s.documentation.spring.web.OperationsKeyGenerator - Cache key generated: /error.org.springframework.boot.autoconfigure.web.servlet.error.BasicErrorController.error.DefaultGenericTypeNamingStrategy
2018-11-27 14:41:07.107 [main] INFO  s.documentation.spring.web.caching.CachingAspect - Caching aspect applied for cache operations with key /error.org.springframework.boot.autoconfigure.web.servlet.error.BasicErrorController.error.DefaultGenericTypeNamingStrategy
2018-11-27 14:41:07.108 [main] INFO  s.d.s.web.ClassOrApiAnnotationResourceGrouping - Group for method error was basic-error-controller
2018-11-27 14:41:07.109 [main] INFO  s.d.s.web.ClassOrApiAnnotationResourceGrouping - Group for method error was basic-error-controller
2018-11-27 14:41:07.110 [main] INFO  s.d.s.web.ClassOrApiAnnotationResourceGrouping - Group for method error was basic-error-controller
2018-11-27 14:41:07.111 [main] INFO  s.d.s.web.ClassOrApiAnnotationResourceGrouping - Group for method error was basic-error-controller
2018-11-27 14:41:07.112 [main] INFO  s.d.s.web.ClassOrApiAnnotationResourceGrouping - Group for method error was basic-error-controller
2018-11-27 14:41:07.112 [main] INFO  s.d.s.web.ClassOrApiAnnotationResourceGrouping - Group for method error was basic-error-controller
2018-11-27 14:41:07.113 [main] INFO  s.d.s.web.ClassOrApiAnnotationResourceGrouping - Group for method error was basic-error-controller
2018-11-27 14:41:07.114 [main] INFO  s.d.s.web.ClassOrApiAnnotationResourceGrouping - Group for method error was basic-error-controller
2018-11-27 14:41:07.114 [main] INFO  s.d.s.web.ClassOrApiAnnotationResourceGrouping - Group for method error was basic-error-controller
2018-11-27 14:41:07.115 [main] INFO  s.d.s.web.ClassOrApiAnnotationResourceGrouping - Group for method error was basic-error-controller
2018-11-27 14:41:07.116 [main] INFO  s.d.s.web.ClassOrApiAnnotationResourceGrouping - Group for method error was basic-error-controller
2018-11-27 14:41:07.116 [main] INFO  s.d.s.web.ClassOrApiAnnotationResourceGrouping - Group for method error was basic-error-controller
2018-11-27 14:41:07.117 [main] INFO  s.d.s.web.ClassOrApiAnnotationResourceGrouping - Group for method error was basic-error-controller
2018-11-27 14:41:07.117 [main] INFO  s.d.s.web.ClassOrApiAnnotationResourceGrouping - Group for method error was basic-error-controller
2018-11-27 14:41:07.118 [main] INFO  s.d.s.web.ClassOrApiAnnotationResourceGrouping - Group for method error was basic-error-controller
2018-11-27 14:41:07.119 [main] INFO  s.d.s.web.ClassOrApiAnnotationResourceGrouping - Group for method error was basic-error-controller
2018-11-27 14:41:07.120 [main] INFO  s.documentation.schema.ModelContextKeyGenerator - Cache Key Generated: org.springframework.web.servlet.ModelAndView(true)
2018-11-27 14:41:07.120 [main] INFO  s.documentation.spring.web.caching.CachingAspect - Caching aspect applied for cache models with key org.springframework.web.servlet.ModelAndView(true)
2018-11-27 14:41:07.120 [main] INFO  s.d.schema.property.ModelPropertiesKeyGenerator - Cache key generated: org.springframework.web.servlet.ModelAndView(true)
2018-11-27 14:41:07.120 [main] INFO  s.documentation.spring.web.caching.CachingAspect - Caching aspect applied for cache modelProperties with key org.springframework.web.servlet.ModelAndView(true)
2018-11-27 14:41:07.126 [main] INFO  s.documentation.schema.ModelContextKeyGenerator - Cache Key Generated: org.springframework.web.servlet.ModelAndView(true)
2018-11-27 14:41:07.126 [main] INFO  s.documentation.spring.web.caching.CachingAspect - Caching aspect applied for cache modelDependencies with key org.springframework.web.servlet.ModelAndView(true)
2018-11-27 14:41:07.126 [main] INFO  s.d.schema.property.ModelPropertiesKeyGenerator - Cache key generated: org.springframework.web.servlet.ModelAndView(true)
2018-11-27 14:41:07.126 [main] INFO  s.documentation.spring.web.caching.CachingAspect - Caching aspect applied for cache modelProperties with key org.springframework.web.servlet.ModelAndView(true)
2018-11-27 14:41:07.127 [main] INFO  s.d.schema.property.ModelPropertiesKeyGenerator - Cache key generated: org.springframework.web.servlet.View(true)
2018-11-27 14:41:07.127 [main] INFO  s.documentation.spring.web.caching.CachingAspect - Caching aspect applied for cache modelProperties with key org.springframework.web.servlet.View(true)
2018-11-27 14:41:07.128 [main] INFO  s.d.schema.property.ModelPropertiesKeyGenerator - Cache key generated: org.springframework.web.servlet.View(true)
2018-11-27 14:41:07.128 [main] INFO  s.documentation.spring.web.caching.CachingAspect - Caching aspect applied for cache modelProperties with key org.springframework.web.servlet.View(true)
2018-11-27 14:41:07.128 [main] INFO  s.documentation.spring.web.OperationsKeyGenerator - Cache key generated: /error.org.springframework.boot.autoconfigure.web.servlet.error.BasicErrorController.errorHtml.DefaultGenericTypeNamingStrategy
2018-11-27 14:41:07.128 [main] INFO  s.documentation.spring.web.caching.CachingAspect - Caching aspect applied for cache operations with key /error.org.springframework.boot.autoconfigure.web.servlet.error.BasicErrorController.errorHtml.DefaultGenericTypeNamingStrategy
2018-11-27 14:41:07.129 [main] INFO  s.d.s.web.ClassOrApiAnnotationResourceGrouping - Group for method errorHtml was basic-error-controller
2018-11-27 14:41:07.130 [main] INFO  s.d.s.web.ClassOrApiAnnotationResourceGrouping - Group for method errorHtml was basic-error-controller
2018-11-27 14:41:07.130 [main] INFO  s.d.s.web.ClassOrApiAnnotationResourceGrouping - Group for method errorHtml was basic-error-controller
2018-11-27 14:41:07.131 [main] INFO  s.d.s.web.ClassOrApiAnnotationResourceGrouping - Group for method errorHtml was basic-error-controller
2018-11-27 14:41:07.131 [main] INFO  s.d.s.web.ClassOrApiAnnotationResourceGrouping - Group for method errorHtml was basic-error-controller
2018-11-27 14:41:07.132 [main] INFO  s.d.s.web.ClassOrApiAnnotationResourceGrouping - Group for method errorHtml was basic-error-controller
2018-11-27 14:41:07.132 [main] INFO  s.d.s.web.ClassOrApiAnnotationResourceGrouping - Group for method errorHtml was basic-error-controller
2018-11-27 14:41:07.133 [main] INFO  s.d.s.web.ClassOrApiAnnotationResourceGrouping - Group for method errorHtml was basic-error-controller
2018-11-27 14:41:07.133 [main] INFO  s.d.s.web.ClassOrApiAnnotationResourceGrouping - Group for method errorHtml was basic-error-controller
2018-11-27 14:41:07.134 [main] INFO  s.d.s.web.ClassOrApiAnnotationResourceGrouping - Group for method errorHtml was basic-error-controller
2018-11-27 14:41:07.134 [main] INFO  s.d.s.web.ClassOrApiAnnotationResourceGrouping - Group for method errorHtml was basic-error-controller
2018-11-27 14:41:07.135 [main] INFO  s.d.s.web.ClassOrApiAnnotationResourceGrouping - Group for method errorHtml was basic-error-controller
2018-11-27 14:41:07.135 [main] INFO  s.d.s.web.ClassOrApiAnnotationResourceGrouping - Group for method errorHtml was basic-error-controller
2018-11-27 14:41:07.136 [main] INFO  s.d.s.web.ClassOrApiAnnotationResourceGrouping - Group for method errorHtml was basic-error-controller
2018-11-27 14:41:07.136 [main] INFO  s.d.s.web.ClassOrApiAnnotationResourceGrouping - Group for method errorHtml was basic-error-controller
2018-11-27 14:41:07.136 [main] INFO  s.d.s.web.ClassOrApiAnnotationResourceGrouping - Group for method errorHtml was basic-error-controller
2018-11-27 14:41:07.139 [main] INFO  s.documentation.schema.ModelContextKeyGenerator - Cache Key Generated: java.lang.String(true)
2018-11-27 14:41:07.139 [main] INFO  s.documentation.spring.web.caching.CachingAspect - Caching aspect applied for cache models with key java.lang.String(true)
2018-11-27 14:41:07.139 [main] INFO  s.documentation.schema.ModelContextKeyGenerator - Cache Key Generated: java.lang.String(true)
2018-11-27 14:41:07.139 [main] INFO  s.documentation.spring.web.caching.CachingAspect - Caching aspect applied for cache modelDependencies with key java.lang.String(true)
2018-11-27 14:41:07.139 [main] INFO  s.documentation.spring.web.OperationsKeyGenerator - Cache key generated: /user/login.com.alen.football.modules.user.UserController.login.DefaultGenericTypeNamingStrategy
2018-11-27 14:41:07.140 [main] INFO  s.documentation.spring.web.caching.CachingAspect - Caching aspect applied for cache operations with key /user/login.com.alen.football.modules.user.UserController.login.DefaultGenericTypeNamingStrategy
2018-11-27 14:41:07.145 [main] INFO  s.d.s.web.ClassOrApiAnnotationResourceGrouping - Group for method login was 用户信息
2018-11-27 14:41:07.146 [main] INFO  s.d.s.web.ClassOrApiAnnotationResourceGrouping - Group for method login was 用户信息
2018-11-27 14:41:07.157 [main] INFO  org.apache.coyote.http11.Http11NioProtocol - Starting ProtocolHandler ["http-nio-8080"]
2018-11-27 14:41:07.184 [main] INFO  org.apache.tomcat.util.net.NioSelectorPool - Using a shared selector for servlet write/read
2018-11-27 14:41:07.205 [main] INFO  o.s.boot.web.embedded.tomcat.TomcatWebServer - Tomcat started on port(s): 8080 (http) with context path ''
2018-11-27 14:41:07.208 [main] INFO  com.alen.football.FootballApplication - Started FootballApplication in 24.766 seconds (JVM running for 30.387)
2018-11-27 14:42:45.313 [http-nio-8080-exec-1] INFO  o.a.c.core.ContainerBase.[Tomcat].[localhost].[/] - Initializing Spring DispatcherServlet 'dispatcherServlet'
2018-11-27 14:42:45.316 [http-nio-8080-exec-1] INFO  org.springframework.web.servlet.DispatcherServlet - Initializing Servlet 'dispatcherServlet'
2018-11-27 14:42:45.325 [http-nio-8080-exec-1] INFO  org.springframework.web.servlet.DispatcherServlet - Completed initialization in 9 ms
2018-11-27 14:42:45.374 [http-nio-8080-exec-1] INFO  o.h.hql.internal.QueryTranslatorFactoryInitiator - HHH000397: Using ASTQueryTranslatorFactory
2018-11-27 14:42:45.492 [http-nio-8080-exec-1] ERROR com.alen.football.api.GlobalExceptionHandler - logic error>>>>>>>>>>>>登录失败，用户不存在
2018-11-27 14:42:47.205 [http-nio-8080-exec-2] ERROR com.alen.football.api.GlobalExceptionHandler - logic error>>>>>>>>>>>>登录失败，用户不存在
2018-11-27 14:43:13.626 [main] INFO  o.s.b.t.context.SpringBootTestContextBootstrapper - Neither @ContextConfiguration nor @ContextHierarchy found for test class [com.alen.football.FootballApplicationTests], using SpringBootContextLoader
2018-11-27 14:43:13.634 [main] INFO  o.s.test.context.support.AbstractContextLoader - Could not detect default resource locations for test class [com.alen.football.FootballApplicationTests]: no resource found for suffixes {-context.xml, Context.groovy}.
2018-11-27 14:43:13.636 [main] INFO  o.s.t.c.support.AnnotationConfigContextLoaderUtils - Could not detect default configuration classes for test class [com.alen.football.FootballApplicationTests]: FootballApplicationTests does not declare any static, non-private, non-final, nested classes annotated with @Configuration.
2018-11-27 14:43:13.800 [main] INFO  o.s.b.t.context.SpringBootTestContextBootstrapper - Found @SpringBootConfiguration com.alen.football.FootballApplication for test class com.alen.football.FootballApplicationTests
2018-11-27 14:43:13.911 [main] INFO  o.s.b.t.context.SpringBootTestContextBootstrapper - Loaded default TestExecutionListener class names from location [META-INF/spring.factories]: [org.springframework.boot.test.mock.mockito.MockitoTestExecutionListener, org.springframework.boot.test.mock.mockito.ResetMocksTestExecutionListener, org.springframework.boot.test.autoconfigure.restdocs.RestDocsTestExecutionListener, org.springframework.boot.test.autoconfigure.web.client.MockRestServiceServerResetTestExecutionListener, org.springframework.boot.test.autoconfigure.web.servlet.MockMvcPrintOnlyOnFailureTestExecutionListener, org.springframework.boot.test.autoconfigure.web.servlet.WebDriverTestExecutionListener, org.springframework.test.context.web.ServletTestExecutionListener, org.springframework.test.context.support.DirtiesContextBeforeModesTestExecutionListener, org.springframework.test.context.support.DependencyInjectionTestExecutionListener, org.springframework.test.context.support.DirtiesContextTestExecutionListener, org.springframework.test.context.transaction.TransactionalTestExecutionListener, org.springframework.test.context.jdbc.SqlScriptsTestExecutionListener]
2018-11-27 14:43:13.940 [main] INFO  o.s.b.t.context.SpringBootTestContextBootstrapper - Using TestExecutionListeners: [org.springframework.test.context.web.ServletTestExecutionListener@51dcb805, org.springframework.test.context.support.DirtiesContextBeforeModesTestExecutionListener@66498326, org.springframework.boot.test.mock.mockito.MockitoTestExecutionListener@cad498c, org.springframework.boot.test.autoconfigure.SpringBootDependencyInjectionTestExecutionListener@1e6454ec, org.springframework.test.context.support.DirtiesContextTestExecutionListener@2accdbb5, org.springframework.test.context.transaction.TransactionalTestExecutionListener@b62d79, org.springframework.test.context.jdbc.SqlScriptsTestExecutionListener@6631f5ca, org.springframework.boot.test.mock.mockito.ResetMocksTestExecutionListener@5ace1ed4, org.springframework.boot.test.autoconfigure.restdocs.RestDocsTestExecutionListener@1613674b, org.springframework.boot.test.autoconfigure.web.client.MockRestServiceServerResetTestExecutionListener@27ff5d15, org.springframework.boot.test.autoconfigure.web.servlet.MockMvcPrintOnlyOnFailureTestExecutionListener@4e096385, org.springframework.boot.test.autoconfigure.web.servlet.WebDriverTestExecutionListener@649bec2e]
2018-11-27 14:43:34.293 [main] INFO  com.alen.football.FootballApplicationTests - Starting FootballApplicationTests on Apple.local with PID 8788 (started by liulun in /Users/liulun/Project/football)
2018-11-27 14:43:34.294 [main] INFO  com.alen.football.FootballApplicationTests - The following profiles are active: dev
2018-11-27 14:43:35.055 [main] INFO  o.s.d.r.config.RepositoryConfigurationDelegate - Multiple Spring Data modules found, entering strict repository configuration mode!
2018-11-27 14:43:35.057 [main] INFO  o.s.d.r.config.RepositoryConfigurationDelegate - Bootstrapping Spring Data repositories in DEFAULT mode.
2018-11-27 14:43:35.233 [main] INFO  o.s.d.r.config.RepositoryConfigurationDelegate - Finished Spring Data repository scanning in 167ms. Found 3 repository interfaces.
2018-11-27 14:43:35.249 [main] INFO  o.s.d.r.config.RepositoryConfigurationDelegate - Multiple Spring Data modules found, entering strict repository configuration mode!
2018-11-27 14:43:35.252 [main] INFO  o.s.d.r.config.RepositoryConfigurationDelegate - Bootstrapping Spring Data repositories in DEFAULT mode.
2018-11-27 14:43:35.269 [main] INFO  o.s.d.r.c.RepositoryConfigurationExtensionSupport - Spring Data Redis - Could not safely identify store assignment for repository candidate interface com.alen.football.interceptor.log.LogInfoJPA.
2018-11-27 14:43:35.270 [main] INFO  o.s.d.r.c.RepositoryConfigurationExtensionSupport - Spring Data Redis - Could not safely identify store assignment for repository candidate interface com.alen.football.modules.config.jpa.AppConfigJPA.
2018-11-27 14:43:35.272 [main] INFO  o.s.d.r.c.RepositoryConfigurationExtensionSupport - Spring Data Redis - Could not safely identify store assignment for repository candidate interface com.alen.football.modules.user.jpa.UserJPA.
2018-11-27 14:43:35.272 [main] INFO  o.s.d.r.config.RepositoryConfigurationDelegate - Finished Spring Data repository scanning in 12ms. Found 0 repository interfaces.
2018-11-27 14:43:35.820 [main] INFO  o.s.c.s.PostProcessorRegistrationDelegate$BeanPostProcessorChecker - Bean 'org.springframework.transaction.annotation.ProxyTransactionManagementConfiguration' of type [org.springframework.transaction.annotation.ProxyTransactionManagementConfiguration$$EnhancerBySpringCGLIB$$82a648ec] is not eligible for getting processed by all BeanPostProcessors (for example: not eligible for auto-proxying)
2018-11-27 14:43:35.985 [main] INFO  o.s.c.s.PostProcessorRegistrationDelegate$BeanPostProcessorChecker - Bean 'org.springframework.hateoas.config.HateoasConfiguration' of type [org.springframework.hateoas.config.HateoasConfiguration$$EnhancerBySpringCGLIB$$226961e] is not eligible for getting processed by all BeanPostProcessors (for example: not eligible for auto-proxying)
2018-11-27 14:43:36.271 [main] INFO  com.alibaba.druid.pool.DruidDataSource - {dataSource-1} inited
2018-11-27 14:43:37.205 [main] INFO  org.hibernate.jpa.internal.util.LogHelper - HHH000204: Processing PersistenceUnitInfo [
	name: default
	...]
2018-11-27 14:43:37.267 [main] INFO  org.hibernate.Version - HHH000412: Hibernate Core {5.3.7.Final}
2018-11-27 14:43:37.269 [main] INFO  org.hibernate.cfg.Environment - HHH000206: hibernate.properties not found
2018-11-27 14:43:37.409 [main] INFO  org.hibernate.annotations.common.Version - HCANN000001: Hibernate Commons Annotations {5.0.4.Final}
2018-11-27 14:43:37.538 [main] INFO  org.hibernate.dialect.Dialect - HHH000400: Using dialect: org.hibernate.dialect.MySQL5Dialect
2018-11-27 14:43:38.185 [main] INFO  o.s.orm.jpa.LocalContainerEntityManagerFactoryBean - Initialized JPA EntityManagerFactory for persistence unit 'default'
2018-11-27 14:43:39.960 [main] WARN  o.s.b.a.o.j.JpaBaseConfiguration$JpaWebConfiguration$JpaWebMvcConfiguration - spring.jpa.open-in-view is enabled by default. Therefore, database queries may be performed during view rendering. Explicitly configure spring.jpa.open-in-view to disable this warning
2018-11-27 14:43:40.473 [main] INFO  o.s.scheduling.concurrent.ThreadPoolTaskScheduler - Initializing ExecutorService 'taskScheduler'
2018-11-27 14:43:40.544 [main] INFO  s.d.s.web.plugins.DocumentationPluginsBootstrapper - Context refreshed
2018-11-27 14:43:40.567 [main] INFO  s.d.s.web.plugins.DocumentationPluginsBootstrapper - Found {0} custom documentation plugin(s)
2018-11-27 14:43:40.577 [main] INFO  s.d.spring.web.scanners.ApiListingReferenceScanner - Scanning for api listing references
2018-11-27 14:43:40.582 [main] INFO  s.d.s.web.ClassOrApiAnnotationResourceGrouping - Group for method testToken was app配置相关
2018-11-27 14:43:40.586 [main] INFO  s.d.spring.web.scanners.ApiListingReferenceScanner - Request mapping: testToken belongs to groups: [[ResourceGroup{groupName='app配置相关', position=0, controller=com.alen.football.modules.config.AppConfigController}]] 
2018-11-27 14:43:40.589 [main] INFO  s.d.s.web.ClassOrApiAnnotationResourceGrouping - Group for method getConfig was app配置相关
2018-11-27 14:43:40.589 [main] INFO  s.d.spring.web.scanners.ApiListingReferenceScanner - Request mapping: getConfig belongs to groups: [[ResourceGroup{groupName='app配置相关', position=0, controller=com.alen.football.modules.config.AppConfigController}]] 
2018-11-27 14:43:40.590 [main] INFO  s.d.s.web.ClassOrApiAnnotationResourceGrouping - Group for method error was basic-error-controller
2018-11-27 14:43:40.590 [main] INFO  s.d.spring.web.scanners.ApiListingReferenceScanner - Request mapping: error belongs to groups: [[ResourceGroup{groupName='basic-error-controller', position=0, controller=org.springframework.boot.autoconfigure.web.servlet.error.BasicErrorController}]] 
2018-11-27 14:43:40.591 [main] INFO  s.d.s.web.ClassOrApiAnnotationResourceGrouping - Group for method errorHtml was basic-error-controller
2018-11-27 14:43:40.591 [main] INFO  s.d.spring.web.scanners.ApiListingReferenceScanner - Request mapping: errorHtml belongs to groups: [[ResourceGroup{groupName='basic-error-controller', position=0, controller=org.springframework.boot.autoconfigure.web.servlet.error.BasicErrorController}]] 
2018-11-27 14:43:40.592 [main] INFO  s.d.s.web.ClassOrApiAnnotationResourceGrouping - Group for method login was 用户信息
2018-11-27 14:43:40.592 [main] INFO  s.d.spring.web.scanners.ApiListingReferenceScanner - Request mapping: login belongs to groups: [[ResourceGroup{groupName='用户信息', position=0, controller=com.alen.football.modules.user.UserController}]] 
2018-11-27 14:43:40.603 [main] INFO  s.d.spring.web.scanners.ApiListingReferenceScanner - Created resource listing Path: /default/app配置相关 Description: app配置相关 Position: 0
2018-11-27 14:43:40.605 [main] INFO  s.d.spring.web.scanners.ApiListingReferenceScanner - Created resource listing Path: /default/用户信息 Description: 用户信息 Position: 0
2018-11-27 14:43:40.606 [main] INFO  s.d.spring.web.scanners.ApiListingReferenceScanner - Created resource listing Path: /default/basic-error-controller Description: basic-error-controller Position: 0
2018-11-27 14:43:40.625 [main] INFO  s.documentation.schema.ModelContextKeyGenerator - Cache Key Generated: java.util.List<com.alen.football.modules.config.entity.SysConfigEntity>(true)
2018-11-27 14:43:40.626 [main] INFO  s.documentation.spring.web.caching.CachingAspect - Caching aspect applied for cache models with key java.util.List<com.alen.football.modules.config.entity.SysConfigEntity>(true)
2018-11-27 14:43:40.632 [main] INFO  s.documentation.schema.ModelContextKeyGenerator - Cache Key Generated: java.util.List<com.alen.football.modules.config.entity.SysConfigEntity>(true)
2018-11-27 14:43:40.632 [main] INFO  s.documentation.spring.web.caching.CachingAspect - Caching aspect applied for cache modelDependencies with key java.util.List<com.alen.football.modules.config.entity.SysConfigEntity>(true)
2018-11-27 14:43:40.641 [main] INFO  s.d.schema.property.ModelPropertiesKeyGenerator - Cache key generated: com.alen.football.modules.config.entity.SysConfigEntity(true)
2018-11-27 14:43:40.642 [main] INFO  s.documentation.spring.web.caching.CachingAspect - Caching aspect applied for cache modelProperties with key com.alen.football.modules.config.entity.SysConfigEntity(true)
2018-11-27 14:43:40.680 [main] INFO  s.d.schema.property.ModelPropertiesKeyGenerator - Cache key generated: java.util.List<com.alen.football.modules.config.entity.SysConfigEntity>(true)
2018-11-27 14:43:40.680 [main] INFO  s.documentation.spring.web.caching.CachingAspect - Caching aspect applied for cache modelProperties with key java.util.List<com.alen.football.modules.config.entity.SysConfigEntity>(true)
2018-11-27 14:43:40.684 [main] INFO  s.d.schema.property.ModelPropertiesKeyGenerator - Cache key generated: com.alen.football.modules.config.entity.SysConfigEntity(true)
2018-11-27 14:43:40.685 [main] INFO  s.documentation.spring.web.caching.CachingAspect - Caching aspect applied for cache modelProperties with key com.alen.football.modules.config.entity.SysConfigEntity(true)
2018-11-27 14:43:40.690 [main] INFO  s.documentation.spring.web.OperationsKeyGenerator - Cache key generated: /app/config.com.alen.football.modules.config.AppConfigController.getConfig.DefaultGenericTypeNamingStrategy
2018-11-27 14:43:40.690 [main] INFO  s.documentation.spring.web.caching.CachingAspect - Caching aspect applied for cache operations with key /app/config.com.alen.football.modules.config.AppConfigController.getConfig.DefaultGenericTypeNamingStrategy
2018-11-27 14:43:40.705 [main] INFO  s.d.s.web.ClassOrApiAnnotationResourceGrouping - Group for method getConfig was app配置相关
2018-11-27 14:43:40.719 [main] INFO  s.d.s.web.ClassOrApiAnnotationResourceGrouping - Group for method getConfig was app配置相关
2018-11-27 14:43:40.727 [main] INFO  s.documentation.schema.ModelContextKeyGenerator - Cache Key Generated: java.lang.String(true)
2018-11-27 14:43:40.728 [main] INFO  s.documentation.spring.web.caching.CachingAspect - Caching aspect applied for cache models with key java.lang.String(true)
2018-11-27 14:43:40.728 [main] INFO  s.documentation.schema.ModelContextKeyGenerator - Cache Key Generated: java.lang.String(true)
2018-11-27 14:43:40.728 [main] INFO  s.documentation.spring.web.caching.CachingAspect - Caching aspect applied for cache modelDependencies with key java.lang.String(true)
2018-11-27 14:43:40.728 [main] INFO  s.documentation.spring.web.OperationsKeyGenerator - Cache key generated: /app/config/test.com.alen.football.modules.config.AppConfigController.testToken.DefaultGenericTypeNamingStrategy
2018-11-27 14:43:40.729 [main] INFO  s.documentation.spring.web.caching.CachingAspect - Caching aspect applied for cache operations with key /app/config/test.com.alen.football.modules.config.AppConfigController.testToken.DefaultGenericTypeNamingStrategy
2018-11-27 14:43:40.730 [main] INFO  s.d.s.web.ClassOrApiAnnotationResourceGrouping - Group for method testToken was app配置相关
2018-11-27 14:43:40.731 [main] INFO  s.d.s.web.ClassOrApiAnnotationResourceGrouping - Group for method testToken was app配置相关
2018-11-27 14:43:40.740 [main] INFO  s.documentation.schema.ModelContextKeyGenerator - Cache Key Generated: java.util.Map<java.lang.String,java.lang.Object>(true)
2018-11-27 14:43:40.740 [main] INFO  s.documentation.spring.web.caching.CachingAspect - Caching aspect applied for cache models with key java.util.Map<java.lang.String,java.lang.Object>(true)
2018-11-27 14:43:40.740 [main] INFO  s.documentation.schema.ModelContextKeyGenerator - Cache Key Generated: java.util.Map<java.lang.String,java.lang.Object>(true)
2018-11-27 14:43:40.741 [main] INFO  s.documentation.spring.web.caching.CachingAspect - Caching aspect applied for cache modelDependencies with key java.util.Map<java.lang.String,java.lang.Object>(true)
2018-11-27 14:43:40.741 [main] INFO  s.documentation.spring.web.OperationsKeyGenerator - Cache key generated: /error.org.springframework.boot.autoconfigure.web.servlet.error.BasicErrorController.error.DefaultGenericTypeNamingStrategy
2018-11-27 14:43:40.741 [main] INFO  s.documentation.spring.web.caching.CachingAspect - Caching aspect applied for cache operations with key /error.org.springframework.boot.autoconfigure.web.servlet.error.BasicErrorController.error.DefaultGenericTypeNamingStrategy
2018-11-27 14:43:40.745 [main] INFO  s.d.s.web.ClassOrApiAnnotationResourceGrouping - Group for method error was basic-error-controller
2018-11-27 14:43:40.746 [main] INFO  s.d.s.web.ClassOrApiAnnotationResourceGrouping - Group for method error was basic-error-controller
2018-11-27 14:43:40.747 [main] INFO  s.d.s.web.ClassOrApiAnnotationResourceGrouping - Group for method error was basic-error-controller
2018-11-27 14:43:40.748 [main] INFO  s.d.s.web.ClassOrApiAnnotationResourceGrouping - Group for method error was basic-error-controller
2018-11-27 14:43:40.749 [main] INFO  s.d.s.web.ClassOrApiAnnotationResourceGrouping - Group for method error was basic-error-controller
2018-11-27 14:43:40.750 [main] INFO  s.d.s.web.ClassOrApiAnnotationResourceGrouping - Group for method error was basic-error-controller
2018-11-27 14:43:40.751 [main] INFO  s.d.s.web.ClassOrApiAnnotationResourceGrouping - Group for method error was basic-error-controller
2018-11-27 14:43:40.752 [main] INFO  s.d.s.web.ClassOrApiAnnotationResourceGrouping - Group for method error was basic-error-controller
2018-11-27 14:43:40.754 [main] INFO  s.d.s.web.ClassOrApiAnnotationResourceGrouping - Group for method error was basic-error-controller
2018-11-27 14:43:40.755 [main] INFO  s.d.s.web.ClassOrApiAnnotationResourceGrouping - Group for method error was basic-error-controller
2018-11-27 14:43:40.757 [main] INFO  s.d.s.web.ClassOrApiAnnotationResourceGrouping - Group for method error was basic-error-controller
2018-11-27 14:43:40.758 [main] INFO  s.d.s.web.ClassOrApiAnnotationResourceGrouping - Group for method error was basic-error-controller
2018-11-27 14:43:40.759 [main] INFO  s.d.s.web.ClassOrApiAnnotationResourceGrouping - Group for method error was basic-error-controller
2018-11-27 14:43:40.760 [main] INFO  s.d.s.web.ClassOrApiAnnotationResourceGrouping - Group for method error was basic-error-controller
2018-11-27 14:43:40.761 [main] INFO  s.d.s.web.ClassOrApiAnnotationResourceGrouping - Group for method error was basic-error-controller
2018-11-27 14:43:40.762 [main] INFO  s.d.s.web.ClassOrApiAnnotationResourceGrouping - Group for method error was basic-error-controller
2018-11-27 14:43:40.764 [main] INFO  s.documentation.schema.ModelContextKeyGenerator - Cache Key Generated: org.springframework.web.servlet.ModelAndView(true)
2018-11-27 14:43:40.764 [main] INFO  s.documentation.spring.web.caching.CachingAspect - Caching aspect applied for cache models with key org.springframework.web.servlet.ModelAndView(true)
2018-11-27 14:43:40.764 [main] INFO  s.d.schema.property.ModelPropertiesKeyGenerator - Cache key generated: org.springframework.web.servlet.ModelAndView(true)
2018-11-27 14:43:40.765 [main] INFO  s.documentation.spring.web.caching.CachingAspect - Caching aspect applied for cache modelProperties with key org.springframework.web.servlet.ModelAndView(true)
2018-11-27 14:43:40.775 [main] INFO  s.documentation.schema.ModelContextKeyGenerator - Cache Key Generated: org.springframework.web.servlet.ModelAndView(true)
2018-11-27 14:43:40.775 [main] INFO  s.documentation.spring.web.caching.CachingAspect - Caching aspect applied for cache modelDependencies with key org.springframework.web.servlet.ModelAndView(true)
2018-11-27 14:43:40.776 [main] INFO  s.d.schema.property.ModelPropertiesKeyGenerator - Cache key generated: org.springframework.web.servlet.ModelAndView(true)
2018-11-27 14:43:40.776 [main] INFO  s.documentation.spring.web.caching.CachingAspect - Caching aspect applied for cache modelProperties with key org.springframework.web.servlet.ModelAndView(true)
2018-11-27 14:43:40.776 [main] INFO  s.d.schema.property.ModelPropertiesKeyGenerator - Cache key generated: org.springframework.web.servlet.View(true)
2018-11-27 14:43:40.776 [main] INFO  s.documentation.spring.web.caching.CachingAspect - Caching aspect applied for cache modelProperties with key org.springframework.web.servlet.View(true)
2018-11-27 14:43:40.778 [main] INFO  s.d.schema.property.ModelPropertiesKeyGenerator - Cache key generated: org.springframework.web.servlet.View(true)
2018-11-27 14:43:40.778 [main] INFO  s.documentation.spring.web.caching.CachingAspect - Caching aspect applied for cache modelProperties with key org.springframework.web.servlet.View(true)
2018-11-27 14:43:40.779 [main] INFO  s.documentation.spring.web.OperationsKeyGenerator - Cache key generated: /error.org.springframework.boot.autoconfigure.web.servlet.error.BasicErrorController.errorHtml.DefaultGenericTypeNamingStrategy
2018-11-27 14:43:40.779 [main] INFO  s.documentation.spring.web.caching.CachingAspect - Caching aspect applied for cache operations with key /error.org.springframework.boot.autoconfigure.web.servlet.error.BasicErrorController.errorHtml.DefaultGenericTypeNamingStrategy
2018-11-27 14:43:40.780 [main] INFO  s.d.s.web.ClassOrApiAnnotationResourceGrouping - Group for method errorHtml was basic-error-controller
2018-11-27 14:43:40.781 [main] INFO  s.d.s.web.ClassOrApiAnnotationResourceGrouping - Group for method errorHtml was basic-error-controller
2018-11-27 14:43:40.782 [main] INFO  s.d.s.web.ClassOrApiAnnotationResourceGrouping - Group for method errorHtml was basic-error-controller
2018-11-27 14:43:40.783 [main] INFO  s.d.s.web.ClassOrApiAnnotationResourceGrouping - Group for method errorHtml was basic-error-controller
2018-11-27 14:43:40.784 [main] INFO  s.d.s.web.ClassOrApiAnnotationResourceGrouping - Group for method errorHtml was basic-error-controller
2018-11-27 14:43:40.786 [main] INFO  s.d.s.web.ClassOrApiAnnotationResourceGrouping - Group for method errorHtml was basic-error-controller
2018-11-27 14:43:40.787 [main] INFO  s.d.s.web.ClassOrApiAnnotationResourceGrouping - Group for method errorHtml was basic-error-controller
2018-11-27 14:43:40.788 [main] INFO  s.d.s.web.ClassOrApiAnnotationResourceGrouping - Group for method errorHtml was basic-error-controller
2018-11-27 14:43:40.789 [main] INFO  s.d.s.web.ClassOrApiAnnotationResourceGrouping - Group for method errorHtml was basic-error-controller
2018-11-27 14:43:40.790 [main] INFO  s.d.s.web.ClassOrApiAnnotationResourceGrouping - Group for method errorHtml was basic-error-controller
2018-11-27 14:43:40.791 [main] INFO  s.d.s.web.ClassOrApiAnnotationResourceGrouping - Group for method errorHtml was basic-error-controller
2018-11-27 14:43:40.792 [main] INFO  s.d.s.web.ClassOrApiAnnotationResourceGrouping - Group for method errorHtml was basic-error-controller
2018-11-27 14:43:40.793 [main] INFO  s.d.s.web.ClassOrApiAnnotationResourceGrouping - Group for method errorHtml was basic-error-controller
2018-11-27 14:43:40.794 [main] INFO  s.d.s.web.ClassOrApiAnnotationResourceGrouping - Group for method errorHtml was basic-error-controller
2018-11-27 14:43:40.794 [main] INFO  s.d.s.web.ClassOrApiAnnotationResourceGrouping - Group for method errorHtml was basic-error-controller
2018-11-27 14:43:40.795 [main] INFO  s.d.s.web.ClassOrApiAnnotationResourceGrouping - Group for method errorHtml was basic-error-controller
2018-11-27 14:43:40.802 [main] INFO  s.documentation.schema.ModelContextKeyGenerator - Cache Key Generated: java.lang.String(true)
2018-11-27 14:43:40.803 [main] INFO  s.documentation.spring.web.caching.CachingAspect - Caching aspect applied for cache models with key java.lang.String(true)
2018-11-27 14:43:40.803 [main] INFO  s.documentation.schema.ModelContextKeyGenerator - Cache Key Generated: java.lang.String(true)
2018-11-27 14:43:40.803 [main] INFO  s.documentation.spring.web.caching.CachingAspect - Caching aspect applied for cache modelDependencies with key java.lang.String(true)
2018-11-27 14:43:40.804 [main] INFO  s.documentation.spring.web.OperationsKeyGenerator - Cache key generated: /user/login.com.alen.football.modules.user.UserController.login.DefaultGenericTypeNamingStrategy
2018-11-27 14:43:40.805 [main] INFO  s.documentation.spring.web.caching.CachingAspect - Caching aspect applied for cache operations with key /user/login.com.alen.football.modules.user.UserController.login.DefaultGenericTypeNamingStrategy
2018-11-27 14:43:40.816 [main] INFO  s.d.s.web.ClassOrApiAnnotationResourceGrouping - Group for method login was 用户信息
2018-11-27 14:43:40.817 [main] INFO  s.d.s.web.ClassOrApiAnnotationResourceGrouping - Group for method login was 用户信息
2018-11-27 14:43:40.838 [main] INFO  com.alen.football.FootballApplicationTests - Started FootballApplicationTests in 26.844 seconds (JVM running for 27.924)
2018-11-27 14:43:40.954 [Thread-2] INFO  o.s.scheduling.concurrent.ThreadPoolTaskScheduler - Shutting down ExecutorService 'taskScheduler'
2018-11-27 14:43:40.973 [Thread-2] INFO  o.s.orm.jpa.LocalContainerEntityManagerFactoryBean - Closing JPA EntityManagerFactory for persistence unit 'default'
2018-11-27 14:43:40.981 [Thread-2] INFO  com.alibaba.druid.pool.DruidDataSource - {dataSource-1} closed
